[    0.000000] Linux version 4.15.0-212-generic (buildd@lcy02-amd64-083) (gcc version 7.5.0 (Ubuntu 7.5.0-3ubuntu1~18.04)) #223-Ubuntu SMP Tue May 23 13:09:22 UTC 2023 (Ubuntu 4.15.0-212.223-generic 4.15.18)
[    0.000000] Command line: BOOT_IMAGE=/boot/vmlinuz-4.15.0-212-generic root=LABEL=cloudimg-rootfs ro console=tty1 console=ttyS0
[    0.000000] KERNEL supported cpus:
[    0.000000]   Intel GenuineIntel
[    0.000000]   AMD AuthenticAMD
[    0.000000]   Centaur CentaurHauls
[    0.000000] x86/fpu: x87 FPU will use FXSAVE
[    0.000000] e820: BIOS-provided physical RAM map:
[    0.000000] BIOS-e820: [mem 0x0000000000000000-0x000000000009fbff] usable
[    0.000000] BIOS-e820: [mem 0x000000000009fc00-0x000000000009ffff] reserved
[    0.000000] BIOS-e820: [mem 0x00000000000f0000-0x00000000000fffff] reserved
[    0.000000] BIOS-e820: [mem 0x0000000000100000-0x00000000417effff] usable
[    0.000000] BIOS-e820: [mem 0x00000000417f0000-0x00000000417fffff] ACPI data
[    0.000000] BIOS-e820: [mem 0x00000000fec00000-0x00000000fec00fff] reserved
[    0.000000] BIOS-e820: [mem 0x00000000fee00000-0x00000000fee00fff] reserved
[    0.000000] BIOS-e820: [mem 0x00000000fffc0000-0x00000000ffffffff] reserved
[    0.000000] NX (Execute Disable) protection: active
[    0.000000] SMBIOS 2.5 present.
[    0.000000] DMI: innotek GmbH VirtualBox/VirtualBox, BIOS VirtualBox 12/01/2006
[    0.000000] Hypervisor detected: KVM
[    0.000000] e820: last_pfn = 0x417f0 max_arch_pfn = 0x400000000
[    0.000000] MTRR: Disabled
[    0.000000] x86/PAT: MTRRs disabled, skipping PAT initialization too.
[    0.000000] CPU MTRRs all blank - virtualized system.
[    0.000000] x86/PAT: Configuration [0-7]: WB  WT  UC- UC  WB  WT  UC- UC  
[    0.000000] found SMP MP-table at [mem 0x0009fff0-0x0009ffff]
[    0.000000] Scanning 1 areas for low memory corruption
[    0.000000] RAMDISK: [mem 0x359cb000-0x36cdcfff]
[    0.000000] ACPI: Early table checksum verification disabled
[    0.000000] ACPI: RSDP 0x00000000000E0000 000024 (v02 VBOX  )
[    0.000000] ACPI: XSDT 0x00000000417F0030 00003C (v01 VBOX   VBOXXSDT 00000001 ASL  00000061)
[    0.000000] ACPI: FACP 0x00000000417F00F0 0000F4 (v04 VBOX   VBOXFACP 00000001 ASL  00000061)
[    0.000000] ACPI: DSDT 0x00000000417F0470 002325 (v02 VBOX   VBOXBIOS 00000002 INTL 20100528)
[    0.000000] ACPI: FACS 0x00000000417F0200 000040
[    0.000000] ACPI: FACS 0x00000000417F0200 000040
[    0.000000] ACPI: APIC 0x00000000417F0240 00005C (v02 VBOX   VBOXAPIC 00000001 ASL  00000061)
[    0.000000] ACPI: SSDT 0x00000000417F02A0 0001CC (v01 VBOX   VBOXCPUT 00000002 INTL 20100528)
[    0.000000] ACPI: Reserving FACP table memory at [mem 0x417f00f0-0x417f01e3]
[    0.000000] ACPI: Reserving DSDT table memory at [mem 0x417f0470-0x417f2794]
[    0.000000] ACPI: Reserving FACS table memory at [mem 0x417f0200-0x417f023f]
[    0.000000] ACPI: Reserving FACS table memory at [mem 0x417f0200-0x417f023f]
[    0.000000] ACPI: Reserving APIC table memory at [mem 0x417f0240-0x417f029b]
[    0.000000] ACPI: Reserving SSDT table memory at [mem 0x417f02a0-0x417f046b]
[    0.000000] No NUMA configuration found
[    0.000000] Faking a node at [mem 0x0000000000000000-0x00000000417effff]
[    0.000000] NODE_DATA(0) allocated [mem 0x417c5000-0x417effff]
[    0.000000] kvm-clock: cpu 0, msr 0:41744001, primary cpu clock
[    0.000000] kvm-clock: Using msrs 4b564d01 and 4b564d00
[    0.000000] kvm-clock: using sched offset of 3980964087 cycles
[    0.000000] clocksource: kvm-clock: mask: 0xffffffffffffffff max_cycles: 0x1cd42e4dffb, max_idle_ns: 881590591483 ns
[    0.000000] Zone ranges:
[    0.000000]   DMA      [mem 0x0000000000001000-0x0000000000ffffff]
[    0.000000]   DMA32    [mem 0x0000000001000000-0x00000000417effff]
[    0.000000]   Normal   empty
[    0.000000]   Device   empty
[    0.000000] Movable zone start for each node
[    0.000000] Early memory node ranges
[    0.000000]   node   0: [mem 0x0000000000001000-0x000000000009efff]
[    0.000000]   node   0: [mem 0x0000000000100000-0x00000000417effff]
[    0.000000] Reserved but unavailable: 104 pages
[    0.000000] Initmem setup node 0 [mem 0x0000000000001000-0x00000000417effff]
[    0.000000] ACPI: PM-Timer IO Port: 0x4008
[    0.000000] IOAPIC[0]: apic_id 2, version 32, address 0xfec00000, GSI 0-23
[    0.000000] ACPI: INT_SRC_OVR (bus 0 bus_irq 0 global_irq 2 dfl dfl)
[    0.000000] ACPI: INT_SRC_OVR (bus 0 bus_irq 9 global_irq 9 low level)
[    0.000000] Using ACPI (MADT) for SMP configuration information
[    0.000000] smpboot: Allowing 2 CPUs, 0 hotplug CPUs
[    0.000000] PM: Registered nosave memory: [mem 0x00000000-0x00000fff]
[    0.000000] PM: Registered nosave memory: [mem 0x0009f000-0x0009ffff]
[    0.000000] PM: Registered nosave memory: [mem 0x000a0000-0x000effff]
[    0.000000] PM: Registered nosave memory: [mem 0x000f0000-0x000fffff]
[    0.000000] e820: [mem 0x41800000-0xfebfffff] available for PCI devices
[    0.000000] Booting paravirtualized kernel on KVM
[    0.000000] clocksource: refined-jiffies: mask: 0xffffffff max_cycles: 0xffffffff, max_idle_ns: 7645519600211568 ns
[    0.000000] setup_percpu: NR_CPUS:8192 nr_cpumask_bits:2 nr_cpu_ids:2 nr_node_ids:1
[    0.000000] percpu: Embedded 50 pages/cpu s167936 r8192 d28672 u1048576
[    0.000000] PV qspinlock hash table entries: 256 (order: 0, 4096 bytes)
[    0.000000] Built 1 zonelists, mobility grouping on.  Total pages: 263961
[    0.000000] Policy zone: DMA32
[    0.000000] Kernel command line: BOOT_IMAGE=/boot/vmlinuz-4.15.0-212-generic root=LABEL=cloudimg-rootfs ro console=tty1 console=ttyS0
[    0.000000] Memory: 1005172K/1072696K available (12300K kernel code, 2477K rwdata, 4324K rodata, 2480K init, 2720K bss, 67524K reserved, 0K cma-reserved)
[    0.000000] SLUB: HWalign=64, Order=0-3, MinObjects=0, CPUs=2, Nodes=1
[    0.000000] ftrace: allocating 39508 entries in 155 pages
[    0.004000] Hierarchical RCU implementation.
[    0.004000] 	RCU restricting CPUs from NR_CPUS=8192 to nr_cpu_ids=2.
[    0.004000] 	Tasks RCU enabled.
[    0.004000] RCU: Adjusting geometry for rcu_fanout_leaf=16, nr_cpu_ids=2
[    0.004000] NR_IRQS: 524544, nr_irqs: 440, preallocated irqs: 16
[    0.004000] Console: colour VGA+ 80x25
[    0.004000] console [tty1] enabled
[    0.004000] console [ttyS0] enabled
[    0.004000] ACPI: Core revision 20170831
[    0.004000] ACPI: 2 ACPI AML tables successfully acquired and loaded
[    0.004000] APIC: Switch to symmetric I/O mode setup
[    0.004000] ..TIMER: vector=0x30 apic1=0 pin1=2 apic2=-1 pin2=-1
[    0.004000] tsc: Detected 2400.006 MHz processor
[    0.004000] Calibrating delay loop (skipped) preset value.. 4800.01 BogoMIPS (lpj=9600024)
[    0.004000] pid_max: default: 32768 minimum: 301
[    0.004000] Security Framework initialized
[    0.004000] Yama: becoming mindful.
[    0.004000] AppArmor: AppArmor initialized
[    0.004000] Dentry cache hash table entries: 262144 (order: 9, 2097152 bytes)
[    0.009758] Inode-cache hash table entries: 131072 (order: 8, 1048576 bytes)
[    0.012123] Mount-cache hash table entries: 4096 (order: 3, 32768 bytes)
[    0.016110] Mountpoint-cache hash table entries: 4096 (order: 3, 32768 bytes)
[    0.021415] Last level iTLB entries: 4KB 64, 2MB 8, 4MB 8
[    0.024002] Last level dTLB entries: 4KB 64, 2MB 0, 4MB 0, 1GB 4
[    0.028003] Spectre V1 : Mitigation: usercopy/swapgs barriers and __user pointer sanitization
[    0.032003] Spectre V2 : Mitigation: Enhanced IBRS
[    0.036002] Spectre V2 : Spectre v2 / SpectreRSB mitigation: Filling RSB on context switch
[    0.040002] Spectre V2 : Spectre v2 / PBRSB-eIBRS: Retire a single CALL on VMEXIT
[    0.044002] RETBleed: Mitigation: Enhanced IBRS
[    0.048002] Speculative Store Bypass: Vulnerable
[    0.052047] MMIO Stale Data: Vulnerable: Clear CPU buffers attempted, no microcode
[    0.060077] Freeing SMP alternatives memory: 36K
[    0.186609] APIC calibration not consistent with PM-Timer: 102ms instead of 100ms
[    0.188000] APIC delta adjusted to PM-Timer: 6374503 (6555399)
[    0.188305] smpboot: CPU0: Intel(R) Core(TM) i5-9300H CPU @ 2.40GHz (family: 0x6, model: 0x9e, stepping: 0xd)
[    0.192422] Performance Events: unsupported p6 CPU model 158 no PMU driver, software events only.
[    0.196091] Hierarchical SRCU implementation.
[    0.200730] NMI watchdog: Perf event create on CPU 0 failed with -2
[    0.204002] NMI watchdog: Perf NMI watchdog permanently disabled
[    0.208320] smp: Bringing up secondary CPUs ...
[    0.212813] x86: Booting SMP configuration:
[    0.216000] .... node  #0, CPUs:      #1
[    0.004000] kvm-clock: cpu 1, msr 0:41744041, secondary cpu clock
[    0.224000] TSC synchronization [CPU#0 -> CPU#1]:
[    0.224000] Measured 38021 cycles TSC warp between CPUs, turning off TSC clock.
[    0.224000] tsc: Marking TSC unstable due to check_tsc_sync_source failed
[    0.228226] smp: Brought up 1 node, 2 CPUs
[    0.232004] smpboot: Max logical packages: 1
[    0.235206] smpboot: Total of 2 processors activated (9600.02 BogoMIPS)
[    0.236508] devtmpfs: initialized
[    0.240106] x86/mm: Memory block size: 128MB
[    0.244389] evm: security.selinux
[    0.247029] evm: security.SMACK64
[    0.248003] evm: security.SMACK64EXEC
[    0.252002] evm: security.SMACK64TRANSMUTE
[    0.256002] evm: security.SMACK64MMAP
[    0.258741] evm: security.apparmor
[    0.260002] evm: security.ima
[    0.264002] evm: security.capability
[    0.268096] clocksource: jiffies: mask: 0xffffffff max_cycles: 0xffffffff, max_idle_ns: 7645041785100000 ns
[    0.272006] futex hash table entries: 512 (order: 3, 32768 bytes)
[    0.276139] pinctrl core: initialized pinctrl subsystem
[    0.280514] RTC time: 21:22:28, date: 06/29/23
[    0.285027] NET: Registered protocol family 16
[    0.288138] audit: initializing netlink subsys (disabled)
[    0.292184] audit: type=2000 audit(1688073754.028:1): state=initialized audit_enabled=0 res=1
[    0.300009] cpuidle: using governor ladder
[    0.304012] cpuidle: using governor menu
[    0.308043] ACPI: bus type PCI registered
[    0.312003] acpiphp: ACPI Hot Plug PCI Controller Driver version: 0.5
[    0.316491] PCI: Using configuration type 1 for base access
[    0.324530] HugeTLB registered 2.00 MiB page size, pre-allocated 0 pages
[    0.332148] ACPI: Added _OSI(Module Device)
[    0.336011] ACPI: Added _OSI(Processor Device)
[    0.339291] ACPI: Added _OSI(3.0 _SCP Extensions)
[    0.340003] ACPI: Added _OSI(Processor Aggregator Device)
[    0.344004] ACPI: Added _OSI(Linux-Dell-Video)
[    0.348003] ACPI: Added _OSI(Linux-Lenovo-NV-HDMI-Audio)
[    0.352003] ACPI: Added _OSI(Linux-HPI-Hybrid-Graphics)
[    0.360104] ACPI: Executed 1 blocks of module-level executable AML code
[    0.369446] ACPI: Interpreter enabled
[    0.372012] ACPI: (supports S0 S5)
[    0.374595] ACPI: Using IOAPIC for interrupt routing
[    0.376353] PCI: Using host bridge windows from ACPI; if necessary, use "pci=nocrs" and report a bug
[    0.380214] ACPI: Enabled 2 GPEs in block 00 to 07
[    0.396150] ACPI: PCI Root Bridge [PCI0] (domain 0000 [bus 00-ff])
[    0.400006] acpi PNP0A03:00: _OSC: OS supports [ASPM ClockPM Segments MSI]
[    0.404688] acpi PNP0A03:00: _OSC: not requesting OS control; OS requires [ExtendedConfig ASPM ClockPM MSI]
[    0.408010] acpi PNP0A03:00: fail to add MMCONFIG information, can't access extended PCI configuration space under this bridge.
[    0.416145] PCI host bridge to bus 0000:00
[    0.419658] pci_bus 0000:00: root bus resource [io  0x0000-0x0cf7 window]
[    0.420003] pci_bus 0000:00: root bus resource [io  0x0d00-0xffff window]
[    0.428007] pci_bus 0000:00: root bus resource [mem 0x000a0000-0x000bffff window]
[    0.432097] pci_bus 0000:00: root bus resource [mem 0x41800000-0xfdffffff window]
[    0.436004] pci_bus 0000:00: root bus resource [bus 00-ff]
[    0.445504] pci 0000:00:01.1: legacy IDE quirk: reg 0x10: [io  0x01f0-0x01f7]
[    0.448003] pci 0000:00:01.1: legacy IDE quirk: reg 0x14: [io  0x03f6]
[    0.452003] pci 0000:00:01.1: legacy IDE quirk: reg 0x18: [io  0x0170-0x0177]
[    0.456004] pci 0000:00:01.1: legacy IDE quirk: reg 0x1c: [io  0x0376]
[    0.481830] pci 0000:00:07.0: quirk: [io  0x4000-0x403f] claimed by PIIX4 ACPI
[    0.484032] pci 0000:00:07.0: quirk: [io  0x4100-0x410f] claimed by PIIX4 SMB
[    0.497028] ACPI: PCI Interrupt Link [LNKA] (IRQs 5 9 10 *11)
[    0.500495] ACPI: PCI Interrupt Link [LNKB] (IRQs 5 9 *10 11)
[    0.504187] ACPI: PCI Interrupt Link [LNKC] (IRQs 5 *9 10 11)
[    0.508181] ACPI: PCI Interrupt Link [LNKD] (IRQs 5 9 10 *11)
[    0.512641] SCSI subsystem initialized
[    0.516135] pci 0000:00:02.0: vgaarb: setting as boot VGA device
[    0.520000] pci 0000:00:02.0: vgaarb: VGA device added: decodes=io+mem,owns=io+mem,locks=none
[    0.520006] pci 0000:00:02.0: vgaarb: bridge control possible
[    0.524003] vgaarb: loaded
[    0.528068] ACPI: bus type USB registered
[    0.531033] usbcore: registered new interface driver usbfs
[    0.532010] usbcore: registered new interface driver hub
[    0.536010] usbcore: registered new device driver usb
[    0.540216] EDAC MC: Ver: 3.0.0
[    0.544308] PCI: Using ACPI for IRQ routing
[    0.548683] NetLabel: Initializing
[    0.551223] NetLabel:  domain hash size = 128
[    0.552002] NetLabel:  protocols = UNLABELED CIPSOv4 CALIPSO
[    0.556136] NetLabel:  unlabeled traffic allowed by default
[    0.564196] clocksource: Switched to clocksource kvm-clock
[    0.572663] VFS: Disk quotas dquot_6.6.0
[    0.572663] VFS: Dquot-cache hash table entries: 512 (order 0, 4096 bytes)
[    0.572663] AppArmor: AppArmor Filesystem Enabled
[    0.572663] pnp: PnP ACPI init
[    0.572663] pnp: PnP ACPI: found 3 devices
[    0.667862] clocksource: acpi_pm: mask: 0xffffff max_cycles: 0xffffff, max_idle_ns: 2085701024 ns
[    0.668202] NET: Registered protocol family 2
[    0.668202] IP idents hash table entries: 32768 (order: 6, 262144 bytes)
[    0.684389] TCP established hash table entries: 16384 (order: 5, 131072 bytes)
[    0.690400] TCP bind hash table entries: 16384 (order: 6, 262144 bytes)
[    0.693916] TCP: Hash tables configured (established 16384 bind 16384)
[    0.693916] UDP hash table entries: 1024 (order: 3, 32768 bytes)
[    0.693916] UDP-Lite hash table entries: 1024 (order: 3, 32768 bytes)
[    0.693916] NET: Registered protocol family 1
[    0.693916] pci 0000:00:00.0: Limiting direct PCI/PCI transfers
[    0.693916] pci 0000:00:01.0: Activating ISA DMA hang workarounds
[    0.693916] pci 0000:00:02.0: Video device with shadowed ROM at [mem 0x000c0000-0x000dffff]
[    0.693916] Unpacking initramfs...
[    0.693916] Freeing initrd memory: 19528K
[    0.693916] clocksource: tsc: mask: 0xffffffffffffffff max_cycles: 0x22983d4fda2, max_idle_ns: 440795302975 ns
[    0.693916] platform rtc_cmos: registered platform RTC device (no PNP device found)
[    0.693916] Scanning for low memory corruption every 60 seconds
[    1.166522] Initialise system trusted keyrings
[    1.170251] Key type blacklist registered
[    1.173942] workingset: timestamp_bits=36 max_order=18 bucket_order=0
[    1.180634] zbud: loaded
[    1.184725] squashfs: version 4.0 (2009/01/31) Phillip Lougher
[    1.190128] fuse init (API version 7.26)
[    1.214942] Key type asymmetric registered
[    1.218669] Asymmetric key parser 'x509' registered
[    1.222679] Block layer SCSI generic (bsg) driver version 0.4 loaded (major 246)
[    1.228803] io scheduler noop registered
[    1.231984] io scheduler deadline registered
[    1.235403] io scheduler cfq registered (default)
[    1.239801] ACPI: AC Adapter [AC] (on-line)
[    1.243301] input: Power Button as /devices/LNXSYSTM:00/LNXPWRBN:00/input/input0
[    1.249297] ACPI: Power Button [PWRF]
[    1.252644] input: Sleep Button as /devices/LNXSYSTM:00/LNXSLPBN:00/input/input1
[    1.258078] ACPI: Sleep Button [SLPF]
[    1.262997] ACPI: Battery Slot [BAT0] (battery present)
[    1.268396] Serial: 8250/16550 driver, 32 ports, IRQ sharing enabled
[    1.298807] 00:02: ttyS0 at I/O 0x3f8 (irq = 4, base_baud = 115200) is a 16550A
[    1.320626] Linux agpgart interface v0.103
[    1.330966] loop: module loaded
[    1.335965] scsi host0: ata_piix
[    1.340203] scsi host1: ata_piix
[    1.342696] ata1: PATA max UDMA/33 cmd 0x1f0 ctl 0x3f6 bmdma 0xd000 irq 14
[    1.348011] ata2: PATA max UDMA/33 cmd 0x170 ctl 0x376 bmdma 0xd008 irq 15
[    1.353656] tun: Universal TUN/TAP device driver, 1.6
[    1.358748] PPP generic driver version 2.4.2
[    1.363127] ehci_hcd: USB 2.0 'Enhanced' Host Controller (EHCI) Driver
[    1.368090] ehci-pci: EHCI PCI platform driver
[    1.371610] ehci-platform: EHCI generic platform driver
[    1.375640] ohci_hcd: USB 1.1 'Open' Host Controller (OHCI) Driver
[    1.380298] ohci-pci: OHCI PCI platform driver
[    1.384107] ohci-platform: OHCI generic platform driver
[    1.388117] uhci_hcd: USB Universal Host Controller Interface driver
[    1.392745] i8042: PNP: PS/2 Controller [PNP0303:PS2K,PNP0f03:PS2M] at 0x60,0x64 irq 1,12
[    1.401831] serio: i8042 KBD port at 0x60,0x64 irq 1
[    1.405989] serio: i8042 AUX port at 0x60,0x64 irq 12
[    1.410505] mousedev: PS/2 mouse device common for all mice
[    1.418220] rtc_cmos rtc_cmos: rtc core: registered rtc_cmos as rtc0
[    1.424371] input: AT Translated Set 2 keyboard as /devices/platform/i8042/serio0/input/input2
[    1.428719] rtc_cmos rtc_cmos: alarms up to one day, 114 bytes nvram
[    1.436303] i2c /dev entries driver
[    1.439364] device-mapper: uevent: version 1.0.3
[    1.443985] device-mapper: ioctl: 4.37.0-ioctl (2017-09-20) initialised: dm-devel@redhat.com
[    1.450849] ledtrig-cpu: registered to indicate activity on CPUs
[    1.457927] NET: Registered protocol family 10
[    1.467857] Segment Routing with IPv6
[    1.471345] NET: Registered protocol family 17
[    1.475201] Key type dns_resolver registered
[    1.479970] mce: Using 0 MCE banks
[    1.482930] RAS: Correctable Errors collector initialized.
[    1.487535] sched_clock: Marking stable (1487487301, 0)->(2101920647, -614433346)
[    1.496627] registered taskstats version 1
[    1.499760] Loading compiled-in X.509 certificates
[    1.507689] Loaded X.509 cert 'Build time autogenerated kernel key: b5b26778eaa3ab3a4a6cee031137706e947d12ad'
[    1.516715] Loaded X.509 cert 'Canonical Ltd. Live Patch Signing: 14df34d1a87cf37625abec039ef2bf521249b969'
[    1.524923] Loaded X.509 cert 'Canonical Ltd. Kernel Module Signing: 88f752e560a1e0737e31163a466ad7b70a850c19'
[    1.532270] blacklist: Loading compiled-in revocation X.509 certificates
[    1.537519] Loaded X.509 cert 'Canonical Ltd. Secure Boot Signing: 61482aa2830d0ab2ad5af10b7250da9033ddcef0'
[    1.545005] Loaded X.509 cert 'Canonical Ltd. Secure Boot Signing (2017): 242ade75ac4a15e50d50c84b0d45ff3eae707a03'
[    1.552883] Loaded X.509 cert 'Canonical Ltd. Secure Boot Signing (ESM 2018): 365188c1d374d6b07c3c8f240f8ef722433d6a8b'
[    1.561015] Loaded X.509 cert 'Canonical Ltd. Secure Boot Signing (2019): c0746fd6c5da3ae827864651ad66ae47fe24b3e8'
[    1.568953] Loaded X.509 cert 'Canonical Ltd. Secure Boot Signing (2021 v1): a8d54bbb3825cfb94fa13c9f8a594a195c107b8d'
[    1.576878] Loaded X.509 cert 'Canonical Ltd. Secure Boot Signing (2021 v2): 4cf046892d6fd3c9a5b03f98d845f90851dc6a8c'
[    1.584694] Loaded X.509 cert 'Canonical Ltd. Secure Boot Signing (2021 v3): 100437bb6de6e469b581e61cd66bce3ef4ed53af'
[    1.592822] Loaded X.509 cert 'Canonical Ltd. Secure Boot Signing (Ubuntu Core 2019): c1d57b8f6b743f23ee41f4f7ee292f06eecadfb9'
[    1.601401] zswap: loaded using pool lzo/zbud
[    1.611635] Key type big_key registered
[    1.615086] Key type trusted registered
[    1.620889] Key type encrypted registered
[    1.624059] AppArmor: AppArmor sha1 policy hashing enabled
[    1.628234] ima: No TPM chip found, activating TPM-bypass! (rc=-19)
[    1.632621] ima: Allocated hash algorithm: sha1
[    1.636165] evm: HMAC attrs: 0x1
[    1.639255]   Magic number: 11:232:400
[    1.642598] rtc_cmos rtc_cmos: setting system clock to 2023-06-29 21:22:30 UTC (1688073750)
[    1.649178] BIOS EDD facility v0.16 2004-Jun-25, 0 devices found
[    1.653974] EDD information not available.
[    1.660378] Freeing unused kernel image memory: 2480K
[    2.395557] Write protecting the kernel read-only data: 20480k
[    2.401713] Freeing unused kernel image memory: 2008K
[    2.405638] Freeing unused kernel image memory: 1820K
[    2.415584] x86/mm: Checked W+X mappings: passed, no W+X pages found.
Loading, please wait...
starting version 237
[    2.489610] Fusion MPT base driver 3.04.20
[    2.493461] Copyright (c) 1999-2008 LSI Corporation
[    2.498860] e1000: Intel(R) PRO/1000 Network Driver - version 7.3.21-k8-NAPI
[    2.504776] e1000: Copyright (c) 1999-2006 Intel Corporation.
[    2.522586] Fusion MPT SPI Host driver 3.04.20
[    2.742201] input: ImExPS/2 Generic Explorer Mouse as /devices/platform/i8042/serio1/input/input4
[    3.133604] e1000 0000:00:03.0 eth0: (PCI:33MHz:32-bit) 02:3b:7b:b7:3b:2d
[    3.138797] e1000 0000:00:03.0 eth0: Intel(R) PRO/1000 Network Connection
[    3.145846] mptbase: ioc0: Initiating bringup
[    3.246125] ioc0: LSI53C1030 A0: Capabilities={Initiator}
[    3.501633] scsi host2: ioc0: LSI53C1030 A0, FwRev=00000000h, Ports=1, MaxQ=256, IRQ=20
[    3.679121] scsi 2:0:0:0: Direct-Access     VBOX     HARDDISK         1.0  PQ: 0 ANSI: 5
[    3.716494] scsi target2:0:0: Beginning Domain Validation
[    3.793033] scsi target2:0:0: Domain Validation skipping write tests
[    3.798081] scsi target2:0:0: Ending Domain Validation
[    3.802715] scsi target2:0:0: asynchronous
[    3.807528] scsi 2:0:1:0: Direct-Access     VBOX     HARDDISK         1.0  PQ: 0 ANSI: 5
[    4.160316] scsi target2:0:1: Beginning Domain Validation
[    4.171075] scsi target2:0:1: Domain Validation skipping write tests
[    4.176616] scsi target2:0:1: Ending Domain Validation
[    4.181324] scsi target2:0:1: asynchronous
[    4.193561] sd 2:0:0:0: Attached scsi generic sg0 type 0
[    4.198659] sd 2:0:1:0: Attached scsi generic sg1 type 0
[    4.204095] sd 2:0:1:0: [sdb] 20480 512-byte logical blocks: (10.5 MB/10.0 MiB)
[    4.211139] sd 2:0:1:0: [sdb] Write Protect is off
[    4.216835] sd 2:0:1:0: [sdb] Incomplete mode parameter data
[    4.220043] sd 2:0:0:0: [sda] 83886080 512-byte logical blocks: (42.9 GB/40.0 GiB)
[    4.221192] sd 2:0:1:0: [sdb] Assuming drive cache: write through
[    4.231918] sd 2:0:0:0: [sda] Write Protect is off
[    4.237519] sd 2:0:0:0: [sda] Incomplete mode parameter data
[    4.242506] sd 2:0:0:0: [sda] Assuming drive cache: write through
[    4.250083] sd 2:0:1:0: [sdb] Attached SCSI disk
[    4.256109]  sda: sda1
[    4.264964] sd 2:0:0:0: [sda] Attached SCSI disk
[    4.289635] e1000 0000:00:08.0 eth1: (PCI:33MHz:32-bit) 08:00:27:03:2d:f8
[    4.294905] e1000 0000:00:08.0 eth1: Intel(R) PRO/1000 Network Connection
[    4.302084] e1000 0000:00:03.0 enp0s3: renamed from eth0
[    4.325712] e1000 0000:00:08.0 enp0s8: renamed from eth1
Begin: Loading essential drivers ... [    7.476227] raid6: sse2x1   gen() 13498 MB/s
[    8.491266] raid6: sse2x1   xor() 185732 MB/s
[    9.493183] raid6: sse2x2   gen() 383369 MB/s
[   10.492751] raid6: sse2x2   xor() 247554 MB/s
[   11.492674] raid6: sse2x4   gen() 406040 MB/s
[   12.553786] raid6: sse2x4   xor() 11393 MB/s
[   12.558237] raid6: using algorithm sse2x4 gen() 406040 MB/s
[   12.562497] raid6: .... xor() 11393 MB/s, rmw enabled
[   12.566401] raid6: using ssse3x2 recovery algorithm
[   12.573015] xor: measuring software checksum speed
[   12.681745]    prefetch64-sse: 61320.000 MB/sec
[   12.787369]    generic_sse: 58365.000 MB/sec
[   12.791240] xor: using function: prefetch64-sse (61320.000 MB/sec)
[   12.797996] async_tx: api initialized (async)
done.
Begin: Running /scripts/init-premount ... done.
Begin: Mounting root file system ... Begin: Running /scripts/local-top ... done.
Begin: Running /scripts/local-premount ... [   12.851771] Btrfs loaded, crc32c=crc32c-intel
Scanning for Btrfs filesystems
done.
Warning: fsck not present, so skipping root file system
[   12.900508] EXT4-fs (sda1): mounted filesystem with ordered data mode. Opts: (null)
done.
Begin: Running /scripts/local-bottom ... done.
Begin: Running /scripts/init-bottom ... done.
[   13.161257] ip_tables: (C) 2000-2006 Netfilter Core Team
[   13.182321] systemd[1]: systemd 237 running in system mode. (+PAM +AUDIT +SELINUX +IMA +APPARMOR +SMACK +SYSVINIT +UTMP +LIBCRYPTSETUP +GCRYPT +GNUTLS +ACL +XZ +LZ4 +SECCOMP +BLKID +ELFUTILS +KMOD -IDN2 +IDN -PCRE2 default-hierarchy=hybrid)
[   13.197402] systemd[1]: Detected virtualization oracle.
[   13.201427] systemd[1]: Detected architecture x86-64.

Welcome to [1mUbuntu 18.04.6 LTS[0m!

[   13.233088] systemd[1]: Set hostname to <ubuntu>.
[   13.243706] random: systemd: uninitialized urandom read (16 bytes read)
[   13.248496] systemd[1]: Initializing machine ID from random generator.
[   13.252985] systemd[1]: Installed transient /etc/machine-id file.
[   13.618334] random: systemd: uninitialized urandom read (16 bytes read)
[   13.623362] systemd[1]: Reached target Mounting snaps.
[[0;32m  OK  [0m] Reached target Mounting snaps.
[   13.629533] random: systemd: uninitialized urandom read (16 bytes read)
[   13.635019] systemd[1]: Reached target Swap.
[[0;32m  OK  [0m] Reached target Swap.
[   13.639755] systemd[1]: Set up automount Arbitrary Executable File Formats File System Automount Point.
[[0;32m  OK  [0m] Set up automount Arbitrary Executab…rmats File System Automount Point.
[   13.649285] systemd[1]: Reached target System Time Synchronized.
[[0;32m  OK  [0m] Reached target System Time Synchronized.
[[0;32m  OK  [0m] Created slice User and Session Slice.
[[0;32m  OK  [0m] Started Forward Password Requests to Wall Directory Watch.
[[0;32m  OK  [0m] Reached target Mounted snaps.
[[0;32m  OK  [0m] Reached target User and Group Name Lookups.
[[0;32m  OK  [0m] Created slice System Slice.
[[0;32m  OK  [0m] Listening on udev Kernel Socket.
[[0;32m  OK  [0m] Listening on Journal Socket.
[[0;32m  OK  [0m] Listening on fsck to fsckd communication Socket.
[[0;32m  OK  [0m] Listening on Network Service Netlink Socket.
[[0;32m  OK  [0m] Listening on Journal Socket (/dev/log).
         Starting Uncomplicated firewall...
[[0;32m  OK  [0m] Listening on udev Control Socket.
         Mounting Kernel Debug File System...
[[0;32m  OK  [0m] Created slice system-serial\x2dgetty.slice.
         Mounting Huge Pages File System...
[[0;32m  OK  [0m] Listening on Syslog Socket.
         Mounting POSIX Message Queue File System...
[[0;32m  OK  [0m] Listening on Device-mapper event daemon FIFOs.
[[0;32m  OK  [0m] Listening on Journal Audit Socket.
         Starting Journal Service...
         Starting File System Check on Root Device...
[[0;32m  OK  [0m] Reached target Slices.
[[0;32m  OK  [0m] Listening on LVM2 metadata daemon socket.
[[0;32m  OK  [0m] Listening on LVM2 poll daemon socket.
         Starting udev Coldplug all Devices...
         Starting Monitoring of LVM2 mirrors…ng dmeventd or progress polling...
         Starting Set the console keyboard layout...
[[0;32m  OK  [0m] Listening on /dev/initctl Compatibility Named Pipe.
         Starting Load Kernel Modules...
         Starting Create list of required st…ce nodes for the current kernel...
[[0;32m  OK  [0m] Started Uncomplicated firewall.
[[0;32m  OK  [0m] Mounted Kernel Debug File System.
[[0;32m  OK  [0m] Mounted Huge Pages File System.
[[0;32m  OK  [0m] Mounted POSIX Message Queue File System.
[[0;32m  OK  [0m] Started File System Check Daemon to report status.
[[0;32m  OK  [0m] Started LVM2 metadata daemon.
[[0;32m  OK  [0m] Started File System Check on Root Device.
         Starting Remount Root and Kernel File Systems...
[[0;32m  OK  [0m] Started Journal Service.
[[0;32m  OK  [0m] Started udev Coldplug all Devices.
[   13.868069] Loading iSCSI transport class v2.0-870.
[   13.879470] iscsi: registered transport (tcp)
[[0;32m  OK  [0m] Started Create list of required sta…vice nodes for the current kernel.
         Starting Create Static Device Nodes in /dev...
[   13.921233] EXT4-fs (sda1): re-mounted. Opts: (null)
[[0;32m  OK  [0m] Started Remount Root and Kernel File Systems.
[   13.950812] iscsi: registered transport (iser)
         Starting Flush Journal to Persistent Storage...
         Starting Load/Save Random Seed...
[[0;32m  OK  [0m] Started Monitoring of LVM2 mirrors,…sing dmeventd or progress polling.
[[0;32m  OK  [0m] Started Load Kernel Modules.
[[0;32m  OK  [0m] Started Create Static Device Nodes in /dev.
         Starting udev Kernel Device Manager...
         Mounting Kernel Configuration File System...
         Mounting FUSE Control File System...
         Starting Apply Kernel Variables...
[[0;32m  OK  [0m] Started Load/Save Random Seed.
[[0;32m  OK  [0m] Mounted Kernel Configuration File System.
[[0;32m  OK  [0m] Mounted FUSE Control File System.
[   14.047244] systemd-journald[392]: Received request to flush runtime journal from PID 1
[[0;32m  OK  [0m] Started udev Kernel Device Manager.
[[0;32m  OK  [0m] Started Apply Kernel Variables.
[[0;32m  OK  [0m] Started Flush Journal to Persistent Storage.
[[0;32m  OK  [0m] Found device /dev/ttyS0.
[[0;32m  OK  [0m] Listening on Load/Save RF Kill Switch Status /dev/rfkill Watch.
         Mounting Arbitrary Executable File Formats File System...
[[0;32m  OK  [0m] Mounted Arbitrary Executable File Formats File System.
[[0;32m  OK  [0m] Started Set the console keyboard layout.
[[0;32m  OK  [0m] Reached target Local File Systems (Pre).
[[0;32m  OK  [0m] Reached target Local File Systems.
         Starting Commit a transient machine-id on disk...
         Starting AppArmor initialization...
         Starting Tell Plymouth To Write Out Runtime Data...
         Starting ebtables ruleset management...
         Starting Create Volatile Files and Directories...
         Starting Set console font and keymap...
[[0;32m  OK  [0m] Started Dispatch Password Requests to Console Directory Watch.
[[0;32m  OK  [0m] Reached target Local Encrypted Volumes.
[[0;32m  OK  [0m] Started Tell Plymouth To Write Out Runtime Data.
[[0;32m  OK  [0m] Started Create Volatile Files and Directories.
         Starting Update UTMP about System Boot/Shutdown...
[[0;32m  OK  [0m] Started Update UTMP about System Boot/Shutdown.
[[0;32m  OK  [0m] Started Commit a transient machine-id on disk.
[[0;32m  OK  [0m] Started ebtables ruleset management.
[[0;32m  OK  [0m] Started AppArmor initialization.
         Starting Initial cloud-init job (pre-networking)...
         Starting Load AppArmor profiles managed internally by snapd...
[[0;32m  OK  [0m] Started Load AppArmor profiles managed internally by snapd.
[[0;32m  OK  [0m] Started Set console font and keymap.
[   18.460878] cloud-init[742]: Cloud-init v. 23.1.2-0ubuntu0~18.04.1 running 'init-local' at Thu, 29 Jun 2023 21:22:46 +0000. Up 18.13 seconds.
[[0;32m  OK  [0m] Started Initial cloud-init job (pre-networking).
[[0;32m  OK  [0m] Reached target Network (Pre).
         Starting Network Service...
[[0;32m  OK  [0m] Started Network Service.
         Starting Network Name Resolution...
         Starting Wait for Network to be Configured...
[[0;32m  OK  [0m] Started Network Name Resolution.
[[0;32m  OK  [0m] Reached target Host and Network Name Lookups.
[[0;32m  OK  [0m] Reached target Network.
[[0;32m  OK  [0m] Started Wait for Network to be Configured.
         Starting Initial cloud-init job (metadata service crawler)...
[   20.586381] cloud-init[905]: Cloud-init v. 23.1.2-0ubuntu0~18.04.1 running 'init' at Thu, 29 Jun 2023 21:22:49 +0000. Up 20.47 seconds.
[   20.590506] cloud-init[905]: ci-info: ++++++++++++++++++++++++++++++++++++++Net device info+++++++++++++++++++++++++++++++++++++++
[   20.593992] cloud-init[905]: ci-info: +--------+-------+----------------------------+---------------+--------+-------------------+
[   20.597222] cloud-init[905]: ci-info: | Device |   Up  |          Address           |      Mask     | Scope  |     Hw-Address    |
[   20.600254] cloud-init[905]: ci-info: +--------+-------+----------------------------+---------------+--------+-------------------+
[   20.604391] cloud-init[905]: ci-info: | enp0s3 |  True |         10.0.2.15          | 255.255.255.0 | global | 02:3b:7b:b7:3b:2d |
[   20.607435] cloud-init[905]: ci-info: | enp0s3 |  True | fe80::3b:7bff:feb7:3b2d/64 |       .       |  link  | 02:3b:7b:b7:3b:2d |
[   20.620423] cloud-init[905]: ci-info: | enp0s8 | False |             .              |       .       |   .    | 08:00:27:03:2d:f8 |
[   20.623585] cloud-init[905]: ci-info: |   lo   |  True |         127.0.0.1          |   255.0.0.0   |  host  |         .         |
[   20.626672] cloud-init[905]: ci-info: |   lo   |  True |          ::1/128           |       .       |  host  |         .         |
[   20.629934] cloud-init[905]: ci-info: +--------+-------+----------------------------+---------------+--------+-------------------+
[   20.632961] cloud-init[905]: ci-info: ++++++++++++++++++++++++++++Route IPv4 info+++++++++++++++++++++++++++++
[   20.635538] cloud-init[905]: ci-info: +-------+-------------+----------+-----------------+-----------+-------+
[   20.638388] cloud-init[905]: ci-info: | Route | Destination | Gateway  |     Genmask     | Interface | Flags |
[   20.640910] cloud-init[905]: ci-info: +-------+-------------+----------+-----------------+-----------+-------+
[   20.643683] cloud-init[905]: ci-info: |   0   |   0.0.0.0   | 10.0.2.2 |     0.0.0.0     |   enp0s3  |   UG  |
[   20.646218] cloud-init[905]: ci-info: |   1   |   10.0.2.0  | 0.0.0.0  |  255.255.255.0  |   enp0s3  |   U   |
[   20.648758] cloud-init[905]: ci-info: |   2   |   10.0.2.2  | 0.0.0.0  | 255.255.255.255 |   enp0s3  |   UH  |
[   20.651306] cloud-init[905]: ci-info: +-------+-------------+----------+-----------------+-----------+-------+
[   20.653942] cloud-init[905]: ci-info: +++++++++++++++++++Route IPv6 info+++++++++++++++++++
[   20.655983] cloud-init[905]: ci-info: +-------+-------------+---------+-----------+-------+
[   20.658090] cloud-init[905]: ci-info: | Route | Destination | Gateway | Interface | Flags |
[   20.660610] cloud-init[905]: ci-info: +-------+-------------+---------+-----------+-------+
[   20.662682] cloud-init[905]: ci-info: |   1   |  fe80::/64  |    ::   |   enp0s3  |   U   |
[   20.664768] cloud-init[905]: ci-info: |   3   |    local    |    ::   |   enp0s3  |   U   |
[   20.666858] cloud-init[905]: ci-info: |   4   |   ff00::/8  |    ::   |   enp0s3  |   U   |
[   20.669008] cloud-init[905]: ci-info: +-------+-------------+---------+-----------+-------+
[   21.511936] cloud-init[905]: Generating public/private rsa key pair.
[   21.513828] cloud-init[905]: Your identification has been saved in /etc/ssh/ssh_host_rsa_key.
[   21.516371] cloud-init[905]: Your public key has been saved in /etc/ssh/ssh_host_rsa_key.pub.
[   21.518854] cloud-init[905]: The key fingerprint is:
[   21.520388] cloud-init[905]: SHA256:W89vpug88XEjHHXxLly/hKLUHrrXCms9y91X+yJvxiY root@ubuntu-bionic
[   21.522801] cloud-init[905]: The key's randomart image is:
[   21.524375] cloud-init[905]: +---[RSA 2048]----+
[   21.525747] cloud-init[905]: |               ..|
[   21.527026] cloud-init[905]: |              . o|
[   21.528371] cloud-init[905]: |             . .o|
[   21.529596] cloud-init[905]: |          . ...o.|
[   21.530869] cloud-init[905]: |        S..= oo.o|
[   21.532299] cloud-init[905]: |        .o=o* +.o|
[   21.533658] cloud-init[905]: |        .+.++= oo|
[   21.534972] cloud-init[905]: |         o*=EoX..|
[   21.536508] cloud-init[905]: |        .+===%oo+|
[   21.537765] cloud-init[905]: +----[SHA256]-----+
[   21.539068] cloud-init[905]: Generating public/private dsa key pair.
[   21.540860] cloud-init[905]: Your identification has been saved in /etc/ssh/ssh_host_dsa_key.
[   21.543256] cloud-init[905]: Your public key has been saved in /etc/ssh/ssh_host_dsa_key.pub.
[   21.545618] cloud-init[905]: The key fingerprint is:
[   21.546938] cloud-init[905]: SHA256:SeKSHAMFdDZNOcMYwBipbQ4JXKIsnmeExX3tRLVOljg root@ubuntu-bionic
[   21.549360] cloud-init[905]: The key's randomart image is:
[   21.550847] cloud-init[905]: +---[DSA 1024]----+
[   21.552287] cloud-init[905]: |oBB*B*..o...     |
[   21.553630] cloud-init[905]: |*.==.o*. o. o    |
[   21.569599] cloud-init[905]: |== .o oo+E =     |
[   21.571598] cloud-init[905]: |* =. = o o=      |
[   21.573264] cloud-init[905]: | * o+ . S  .     |
[   21.574505] cloud-init[905]: |  +  .           |
[   21.575759] cloud-init[905]: |                 |
[   21.577130] cloud-init[905]: |                 |
[   21.578404] cloud-init[905]: |                 |
[   21.579686] cloud-init[905]: +----[SHA256]-----+
[   21.581169] cloud-init[905]: Generating public/private ecdsa key pair.
[   21.583017] cloud-init[905]: Your identification has been saved in /etc/ssh/ssh_host_ecdsa_key.
[   21.585621] cloud-init[905]: Your public key has been saved in /etc/ssh/ssh_host_ecdsa_key.pub.
[   21.587989] cloud-init[905]: The key fingerprint is:
[   21.603161] cloud-init[905]: SHA256:/WiE+oShV/BfO4pUI4k30LYsEkNaFdoGFOg9p7ZzdkY root@ubuntu-bionic
[   21.605639] cloud-init[905]: The key's randomart image is:
[[0;32m  OK  [0m] Started Initial cloud-init job (metadata service crawler).
[   21.622426] cloud-init[905]: +---[ECDSA 256]---+
[   21.625750] cloud-init[905]: |   o*oo.         |
[   21.627058] cloud-init[905]: |  .+ + .         |
[   21.628391] cloud-init[905]: | ...+ = o        |
[   21.629602] cloud-init[905]: |  . o+.B =       |
[   21.630890] cloud-init[905]: |    .++ S = .    |
[   21.632318] cloud-init[905]: |    oo BE* = .   |
[   21.633622] cloud-init[905]: |   ...+.o + +    |
[[0;32m  OK  [0m] Reached target Cloud-config availability.
[[0;32m  OK  [0m] Reached target System Initialization.
[[0;32m  OK  [0m] Listening on D-Bus System Message Bus Socket.
[   21.637195] [[0;32m  OK  [0m] Started Daily apt download activities.
[[0;32m  OK  [0m] Listening on Open-iSCSI iscsid Socket.
[[0;32m  OK  [0m] Listening on cloud-init hotplug hook socket.
[[0;32m  OK  [0m] Started Discard unused blocks once a week.
[[0;32m  OK  [0m] Started Message of the Day.
[[0;32m  OK  [0m] Started Daily Cleanup of Temporary Directories.
cloud-init[905]: |    o.o+oo . .   |         Starting LXD - unix socket.
[[0;32m  OK  [0m] Started Daily apt upgrade and clean activities.
[[0;32m  OK  [0m] Listening on ACPID Listen Socket.
         Starting Socket activation for snappy daemon.
[[0;32m  OK  [0m] Started ACPI Events Check.
[[0;32m  OK  [0m] Reached target Paths.
[[0;32m  OK  [0m] Listening on UUID daemon activation socket.
[[0;32m  OK  [0m] Started Ubuntu Advantage Timer for running repeated jobs.
[[0;32m  OK  [0m] Reached target Timers.
[[0;32m  OK  [0m] Reached target Network is Online.
[[0;32m  OK  [0m] Reached target Remote File Systems (Pre).
[[0;32m  OK  [0m] Reached target Remote File Systems.
         Starting Availability of block devices...
[[0;32m  OK  [0m] Listening on LXD - unix socket.
[[0;32m  OK  [0m] Listening on Socket activation for snappy daemon.
[[0;32m  OK  [0m] Reached target Sockets.
[[0;32m  OK  [0m] Reached target Basic System.
[[0;32m  OK  [0m] Started irqbalance daemon.
         Starting Pollinate to seed the pseudo random number generator...
         Starting Permit User Sessions...
         Starting System Logging Service...
         Starting LSB: automatic crash report generation...

[[0;32m  OK  [0m] Started Regular background program processing daemon.
[   21.684071]          Starting LSB: Record successful boot for GRUB...
cloud-init[905]: |     + oo .      |
[   21.692146] cloud-init[905]: +----[SHA256]-----+
[   21.696430] cloud-init[905]: Generating public/private ed25519 key pair.
[   21.701035] cloud-init[905]: Your identification has been saved in /etc/ssh/ssh_host_ed25519_key.
[   21.709569] cloud-init[905]: Your public key has been saved in /etc/ssh/ssh_host_ed25519_key.pub.
[   21.713895] cloud-init[905]: The key fingerprint is:
[   21.718998] cloud-init[905]: SHA256:Tq7iCIj1rwnJLDx8V1/r/5aRX0A/3DNRL4sWL4IbFUg root@ubuntu-bionic
[   21.723336] cloud-init[905]: The key's randomart image is:
[   21.726796] cloud-init[905]: +--[ED25519 256]--+
[   21.731424] cloud-init[905]: |       .E..     o|
[   21.734702] cloud-init[905]: |        .  .  ...|
[   21.737977] cloud-init[905]: |          . ..o.+|
[   21.744509] cloud-init[905]: |         o   +.Bo|
[   21.749510] cloud-init[905]: |  .    .S ..+ o.=|
[   21.753722] cloud-init[905]: |=+ o  .+.o.o.. o.|
[   21.758696] cloud-init[905]:          Starting Dispatcher daemon for systemd-networkd...
         Starting Accounts Service...
         Starting Virtualbox guest utils...
         Starting Snap Daemon...
[[0;32m  OK  [0m] Started Deferred execution scheduler.
|=+=...  +. .    =|
[[0;32m  OK  [0m] Started FUSE filesystem for LXC.
[   21.774963] cloud-init[905]: | ooooo .  .    o.|
[   21.783911] cloud-init[905]: |  ..+oo    ...o. |
[   21.787970] cloud-init[905]: +----[SHA256]-----+
[[0;32m  OK  [0m] Reached target Login Prompts (Pre).
         Starting Login Service...
[[0;32m  OK  [0m] Started D-Bus System Message Bus.
         Starting LXD - container startup/shutdown...
[[0;32m  OK  [0m] Started System Logging Service.
[[0;32m  OK  [0m] Started Availability of block devices.
[[0;32m  OK  [0m] Started Permit User Sessions.
         Starting Hold until boot process finishes up...
         Starting Terminate Plymouth Boot Screen...
[[0;32m  OK  [0m] Started Hold until boot process finishes up.
[[0;32m  OK  [0m] Started Login Service.
[[0;32m  OK  [0m] Started Unattended Upgrades Shutdown.
         Starting Set console scheme...
[[0;32m  OK  [0m] Started Serial Getty on ttyS0.
[[0;32m  OK  [0m] Started Terminate Plymouth Boot Screen.
[[0;32m  OK  [0m] Started LSB: automatic crash report generation.
[[0;32m  OK  [0m] Started Set console scheme.
[[0;32m  OK  [0m] Created slice system-getty.slice.
[[0;32m  OK  [0m] Started Getty on tty1.
[[0;32m  OK  [0m] Reached target Login Prompts.
         Starting Authorization Manager...
[[0;32m  OK  [0m] Started Dispatcher daemon for systemd-networkd.
[[0;32m  OK  [0m] Started LSB: Record successful boot for GRUB.
[[0;32m  OK  [0m] Started Authorization Manager.
[[0;32m  OK  [0m] Started Accounts Service.
[[0;32m  OK  [0m] Started Virtualbox guest utils.
[[0;32m  OK  [0m] Started LXD - container startup/shutdown.
[[0;32m  OK  [0m] Started Snap Daemon.
         Starting Wait until snapd is fully seeded...
[[0;32m  OK  [0m] Started Pollinate to seed the pseudo random number generator.
         Starting OpenBSD Secure Shell server...
[[0;32m  OK  [0m] Started OpenBSD Secure Shell server.
         Starting Time & Date Service...
[[0;32m  OK  [0m] Started Time & Date Service.
[[0;32m  OK  [0m] Started Wait until snapd is fully seeded.
         Starting Apply the settings specified in cloud-config...
[   24.734848] cloud-init[1442]: Cloud-init v. 23.1.2-0ubuntu0~18.04.1 running 'modules:config' at Thu, 29 Jun 2023 21:22:53 +0000. Up 24.18 seconds.
[[0;32m  OK  [0m] Started Apply the settings specified in cloud-config.
[[0;32m  OK  [0m] Reached target Multi-User System.
[[0;32m  OK  [0m] Reached target Graphical Interface.
         Starting Update UTMP about System Runlevel Changes...
         Starting Execute cloud user/final scripts...
[[0;32m  OK  [0m] Started Update UTMP about System Runlevel Changes.
ci-info: no authorized SSH keys fingerprints found for user ubuntu.
<14>Jun 29 21:22:54 cloud-init: #############################################################
<14>Jun 29 21:22:54 cloud-init: -----BEGIN SSH HOST KEY FINGERPRINTS-----
<14>Jun 29 21:22:54 cloud-init: 1024 SHA256:SeKSHAMFdDZNOcMYwBipbQ4JXKIsnmeExX3tRLVOljg root@ubuntu-bionic (DSA)
<14>Jun 29 21:22:54 cloud-init: 256 SHA256:/WiE+oShV/BfO4pUI4k30LYsEkNaFdoGFOg9p7ZzdkY root@ubuntu-bionic (ECDSA)
<14>Jun 29 21:22:54 cloud-init: 256 SHA256:Tq7iCIj1rwnJLDx8V1/r/5aRX0A/3DNRL4sWL4IbFUg root@ubuntu-bionic (ED25519)
<14>Jun 29 21:22:54 cloud-init: 2048 SHA256:W89vpug88XEjHHXxLly/hKLUHrrXCms9y91X+yJvxiY root@ubuntu-bionic (RSA)
<14>Jun 29 21:22:54 cloud-init: -----END SSH HOST KEY FINGERPRINTS-----
<14>Jun 29 21:22:54 cloud-init: #############################################################
-----BEGIN SSH HOST KEY KEYS-----
ecdsa-sha2-nistp256 AAAAE2VjZHNhLXNoYTItbmlzdHAyNTYAAAAIbmlzdHAyNTYAAABBBKH20GxwVLssy8tN0v39b76oN6aJe/ViWaR6Ld7f8LBz9FzjshdeIF5JYD/vcss89THg9N9u/51SHyG71p+z81A= root@ubuntu-bionic
ssh-ed25519 AAAAC3NzaC1lZDI1NTE5AAAAIGHhrPw27zRQ18ZLKzNaLKGS+TzaA9XiEwh44zArdFen root@ubuntu-bionic
ssh-rsa AAAAB3NzaC1yc2EAAAADAQABAAABAQDmrd5v26d7xN+J1CnEu4qLb6nHMk15eUYGwK++vkGO2SyR2Z/H+Heyg/EvwKZnSaIvY2UP2MDqM5ImV41bngBsc0Nm66UD3czPkP23LDDXNfy6U8cQpbT3zXw9GMIhOBUdLIevtBZIVz6YOhK4H5JRBWJVQRnt0f3H5qpE/lUjPeIXWmPaMeMUAOM2G8rWWT2KjO7Gp3Wo6I0gFkuqBtZ7mMnRYFBvdleypIlDmJARxv40QU09XF0og1f9IyaRE7oqa76rNoqPvjUC3ANIgjkssFL7FzujBsTRwmNpNyWswKnF3ivq/JZnLOUM3kGsSKu9xAoyQUKyMwm0qfbxtfO3 root@ubuntu-bionic
-----END SSH HOST KEY KEYS-----
[   25.276850] cloud-init[1490]: Cloud-init v. 23.1.2-0ubuntu0~18.04.1 running 'modules:final' at Thu, 29 Jun 2023 21:22:53 +0000. Up 25.10 seconds.
[   25.280337] cloud-init[1490]: Cloud[[0;32m  OK  [0m] Stopped target Timers.
[[0;32m  OK  [0m] Stopped Ubuntu Advantage Timer for running repeated jobs.
[[0;32m  OK  [0m] Stopped target Cloud-init target.
[[0;32m  OK  [0m] Closed Load/Save RF Kill Switch Status /dev/rfkill Watch.
         Stopping Session 10 of user vagrant.
[[0;32m  OK  [0m] Stopped Message of the Day.
         Stopping Session 5 of user vagrant.
[[0;32m  OK  [0m] Stopped Daily apt upgrade and clean activities.
[[0;32m  OK  [0m] Stopped Daily apt download activities.
         Stopping Availability of block devices...
[[0;32m  OK  [0m] Stopped Discard unused blocks once a week.
[[0;32m  OK  [0m] Stopped target System Time Synchronized.
         Stopping Authorization Manager...
[[0;32m  OK  [0m] Stopped target Host and Network Name Lookups.
[[0;32m  OK  [0m] Stopped Execute cloud user/final scripts.
[[0;32m  OK  [0m] Stopped Daily Cleanup of Temporary Directories.
[[0;32m  OK  [0m] Stopped Apply the settings specified in cloud-config.
[[0;32m  OK  [0m] Stopped target Cloud-config availability.
         Stopping User Manager for UID 1000...
[[0;32m  OK  [0m] Stopped target Graphical Interface.
[[0;32m  OK  [0m] Stopped target Multi-User System.
         Stopping OpenBSD Secure Shell server...
         Stopping Deferred execution scheduler...
         Stopping Regular background program processing daemon...
         Stopping D-Bus System Message Bus...
         Stopping Docker Application Container Engine...
         Stopping FUSE filesystem for LXC...
         Stopping LXD - container startup/shutdown...
         Stopping System L         Stopping Virtualbox guest utils...
         Stopping LSB: Record successful boot for GRUB...
         Stopping LSB: automatic crash report generation...
         Stopping Accounts Service...
[[0;32m  OK  [0m] Unmounted /var/lib/lxcfs.
[[0;32m  OK  [0m] Stopped System Logging Service.
[[0;32m  OK  [0m] Stopped Dispatcher daemon for systemd-networkd.
[[0;32m  OK  [0m] Stopped Regular background program processing daemon.
[[0;32m  OK  [0m] Stopped Deferred execution scheduler.
[[0;32m  OK  [0m] Stopped irqbalance daemon.
[[0;32m  OK  [0m] Stopped Serial Getty on ttyS0.
[[0;32m  OK  [0m] Stopped Getty on tty1.
[[0;32m  OK  [0m] Stopped Accounts Service.
[[0;32m  OK  [0m] Stopped Authorization Manager.
[[0;32m  OK  [0m] Stopped OpenBSD Secure Shell server.
[[0;32m  OK  [0m] Stopped User Manager for UID 1000.
[[0;32m  OK  [0m] Stopped Availability of block devices.
[[0;32m  OK  [0m] Stopped D-Bus System Message Bus.
[[0;32m  OK  [0m] Stopped FUSE filesystem for LXC.
[[0;32m  OK  [0m] Stopped Session 10 of user vagrant.
[[0;32m  OK  [0m] Removed slice system-getty.slice.
[[0;32m  OK  [0m] Stopped target Login Prompts (Pre).
[[0;32m  OK  [0m] Removed slice system-serial\x2dgetty.slice.
[[0;32m  OK  [0m] Stopped LXD - container startup/shutdown.
[[0;32m  OK  [0m] Stopped Session 5 of user vagrant.
[[0;32m  OK  [0m] Removed slice User Slice of vagrant.
         Stopping Permit User Sessions...
         Stopping Login Service...
[[0;32m  OK  [0m] Stopped LSB: Record successful boot for GRUB.
[[0;32m  OK  [0m] Stopped Permit User Sessions.
[[0;32m  OK  [0m] Stopped LSB: automatic crash report generation.
[[0;32m  OK  [0m] Stopped target Remote File Systems.
         Unmounting /vagrant...
[[0;32m  OK  [0m] Stopped Virtualbox guest utils.
[[0;32m  OK  [0m] Unmounted /vagrant.
[[0;32m  OK  [0m] Stopped target Remote File Systems (Pre).
[[0;32m  OK  [0m] Stopped Login Service.
[[0;32m  OK  [0m] Stopped target User and Group Name Lookups.
[[0;32m  OK  [0m] Unmounted /run/docker/netns/16b49c625dc9.
[[0;32m  OK  [0m] Unmounted /var/lib/docker/overlay2/…d8ae9b5d5010f65dd7456fa78b/merged.
[[0;32m  OK  [0m] Unmounted /run/docker/netns/0579b3c55691.
[[0;32m  OK  [0m] Unmounted /var/lib/docker/overlay2/…01df71cc8c67f3c6f13a996a7b/merged.
[[0;32m  OK  [0m] Unmounted /run/docker/netns/1-utflkgjsfw.
[[0;32m  OK  [0m] Unmounted /run/docker/netns/ingress_sbox.
[[0;32m  OK  [0m] Stopped Docker Application Container Engine.
[[0;32m  OK  [0m] Stopped target Network is Online.
         Stopping containerd container runtime...
[[0;32m  OK  [0m] Stopped containerd container runtime.
[[0;32m  OK  [0m] Stopped target Basic System.
[[0;32m  OK  [0m] Stopped target Slices.
[[0;32m  OK  [0m] Removed slice User and Session Slice.
[[0;32m  OK  [0m] Stopped target Paths.
[[0;32m  OK  [0m] Stopped ACPI Events Check.
[[0;32m  OK  [0m] Stopped target Sockets.
[[0;32m  OK  [0m] Closed ACPID Listen Socket.
[[0;32m  OK  [0m] Closed cloud-init hotplug hook socket.
[[0;32m  OK  [0m] Closed D-Bus System Message Bus Socket.
[[0;32m  OK  [0m] Closed Syslog Socket.
[[0;32m  OK  [0m] Closed UUID daemon activation socket.
[[0;32m  OK  [0m] Closed LXD - unix socket.
[[0;32m  OK  [0m] Closed Docker Socket for the API.
[[0;32m  OK  [0m] Closed Open-iSCSI iscsid Socket.
[[0;32m  OK  [0m] Closed Socket activation for snappy daemon.
[[0;32m  OK  [0m] Stopped target Network.
         Stopping Network Name Resolution...
[[0;32m  OK  [0m] Stopped target System Initialization.
[[0;32m  OK  [0m] Stopped Commit a transient machine-id on disk.
         Stopping Load/Save Random Seed...
[[0;32m  OK  [0m] Stopped Initial cloud-init job (metadata service crawler).
         Stopping Update UTMP about System Boot/Shutdown...
[[0;32m  OK  [0m] Stopped target Local Encrypted Volumes.
[[0;32m  OK  [0m] Stopped Dispatch Password Requests to Console Directory Watch.
[[0;32m  OK  [0m] Stopped Forward Password Requests to Wall Directory Watch.
[[0;32m  OK  [0m] Stopped Network Name Resolution.
[[0;32m  OK  [0m] Stopped Load/Save Random Seed.
         Stopping Network Service...
[[0;32m  OK  [0m] Stopped Update UTMP about System Boot/Shutdown.
[[0;32m  OK  [0m] Stopped Create Volatile Files and Directories.
[[0;32m  OK  [0m] Stopped target Local File Systems.
         Unmounting /run/docker/netns/lb_rbwhgnr5o...
         Unmounting /run/user/1000...
         Unmounting /run/docker/netns/lb_ctbl6oe2m...
[[0;32m  OK  [0m] Stopped target Mounted snaps.
[[0;32m  OK  [0m] Stopped target Mounting snaps.
         Unmounting /run/docker/netns/1-rbwhgnr5o7...
         Unmounting /run/docker/netns/1-ctbl6oe2mi...
[[0;32m  OK  [0m] Unmounted /run/docker/netns/lb_rbwhgnr5o.
[[0;32m  OK  [0m] Unmounted /run/user/1000.
[[0;32m  OK  [0m] Unmounted /run/docker/netns/lb_ctbl6oe2m.
[[0;32m  OK  [0m] Stopped target Swap.
[[0;32m  OK  [0m] Unmounted /run/docker/netns/1-ctbl6oe2mi.
[[0;32m  OK  [0m] Unmounted /run/docker/netns/1-rbwhgnr5o7.
[[0;32m  OK  [0m] Reached target Unmount All Filesystems.
[[0;32m  OK  [0m] Stopped target Local File Systems (Pre).
         Stopping Monitoring of LVM2 mirrors…ng dmeventd or progress polling...
[[0;32m  OK  [0m] Stopped Create Static Device Nodes in /dev.
[[0;32m  OK  [0m] Stopped Monitoring of LVM2 mirrors,…sing dmeventd or progress polling.
         Stopping LVM2 metadata daemon...
[[0;32m  OK  [0m] Stopped LVM2 metadata daemon.
[[0;32m  OK  [0m] Stopped Network Service.
[[0;32m  OK  [0m] Stopped Apply Kernel Variables.
[[0;32m  OK  [0m] Stopped Load Kernel Modules.
[[0;32m  OK  [0m] Stopped target Network (Pre).
[[0;32m  OK  [0m] Stopped Initial cloud-init job (pre-networking).
[[0;32m  OK  [0m] Stopped Remount Root and Kernel File Systems.
[[0;32m  OK  [0m] Reached target Shutdown.
[[0;32m  OK  [0m] Reached target Final Step.
         Starting Power-Off...
[ 6235.725314] reboot: Power down
et Shutdown.
[[0;32m  OK  [0m] Reached target Final Step.
         Starting Power-Off...
[[0;32m  OK  [0m] Stopped Monitoring of LVM2 mirrors,…sing dmeventd or progress polling.
         Stopping LVM2 metadata daemon...
[[0;32m  OK  [0m] Stopped LVM2 metadata daemon.
[ 6114.843669] reboot: Power down
